<?xml version="1.0" encoding="UTF-8"?>
<!-- Generated by org.testng.reporters.JUnitReportReporter -->
<testsuite hostname="ITG" failures="0" tests="1" name="test.AddCustomerTest" time="14.401" errors="0" timestamp="2022-09-09T14:22:13 EDT" skipped="0">
  <testcase classname="test.AddCustomerTest" name="validUserShouldBeAbleToAddCustomer" time="14.401"/>
  <system-out/>
</testsuite> <!-- test.AddCustomerTest -->
